<?xml version="1.0" encoding="UTF-8"?>
<testng-results ignored="0" total="1" passed="1" failed="0" skipped="0">
  <reporter-output>
  </reporter-output>
  <suite started-at="2022-08-31T06:37:48 IST" name="Default suite" finished-at="2022-08-31T06:38:06 IST" duration-ms="17391">
    <groups>
    </groups>
    <test started-at="2022-08-31T06:37:48 IST" name="Default test" finished-at="2022-08-31T06:38:06 IST" duration-ms="17391">
      <class name="TestCases.VerifySignUpTestCase">
        <test-method is-config="true" signature="launchBrowser()[pri:0, instance:TestCases.VerifySignUpTestCase@6cd28fa7]" started-at="2022-08-31T06:37:49 IST" name="launchBrowser" finished-at="2022-08-31T06:37:55 IST" duration-ms="6696" status="PASS">
          <reporter-output>
          </reporter-output>
        </test-method> <!-- launchBrowser -->
        <test-method signature="signUp()[pri:0, instance:TestCases.VerifySignUpTestCase@6cd28fa7]" started-at="2022-08-31T06:37:55 IST" name="signUp" finished-at="2022-08-31T06:38:06 IST" duration-ms="10616" status="PASS">
          <reporter-output>
          </reporter-output>
        </test-method> <!-- signUp -->
        <test-method is-config="true" signature="teardown()[pri:0, instance:TestCases.VerifySignUpTestCase@6cd28fa7]" started-at="2022-08-31T06:38:06 IST" name="teardown" finished-at="2022-08-31T06:38:06 IST" duration-ms="0" status="PASS">
          <reporter-output>
          </reporter-output>
        </test-method> <!-- teardown -->
      </class> <!-- TestCases.VerifySignUpTestCase -->
    </test> <!-- Default test -->
  </suite> <!-- Default suite -->
</testng-results>
